<?xml version="1.0" encoding="UTF-8"?>
<!-- Generated by org.testng.reporters.JUnitXMLReporter -->
<testsuite hostname="LAPTOP-1I2596E2" ignored="0" name="Test1" tests="1" failures="0" timestamp="14 Oct 2020 12:31:23 GMT" time="5.012" errors="0">
  <testcase name="@BeforeTest setUp" time="4.964" classname="DriverFactory.DataDriven">
    <failure type="org.openqa.selenium.SessionNotCreatedException" message="session not created: This version of ChromeDriver only supports Chrome version 83
Build info: version: &amp;apos;3.14.0&amp;apos;, revision: &amp;apos;aacccce0&amp;apos;, time: &amp;apos;2018-08-02T20:13:22.693Z&amp;apos;
System info: host: &amp;apos;LAPTOP-1I2596E2&amp;apos;, ip: &amp;apos;192.168.43.253&amp;apos;, os.name: &amp;apos;Windows 10&amp;apos;, os.arch: &amp;apos;amd64&amp;apos;, os.version: &amp;apos;10.0&amp;apos;, java.version: &amp;apos;1.8.0_191&amp;apos;
Driver info: driver.version: ChromeDriver
remote stacktrace: Backtrace:
	Ordinal0 [0x00EF9563+2725219]
	Ordinal0 [0x00DF8551+1672529]
	Ordinal0 [0x00CE0359+525145]
	Ordinal0 [0x00C70B77+68471]
	Ordinal0 [0x00C6D32C+54060]
	Ordinal0 [0x00C8CC37+183351]
	Ordinal0 [0x00C8CA3D+182845]
	Ordinal0 [0x00C8A94B+174411]
	Ordinal0 [0x00C72528+75048]
	Ordinal0 [0x00C735A0+79264]
	Ordinal0 [0x00C73539+79161]
	Ordinal0 [0x00E0D607+1758727]
	GetHandleVerifier [0x01016546+1050150]
	GetHandleVerifier [0x01016291+1049457]
	GetHandleVerifier [0x010210D7+1094071]
	GetHandleVerifier [0x01016B46+1051686]
	Ordinal0 [0x00E05B06+1727238]
	Ordinal0 [0x00E0EB7B+1764219]
	Ordinal0 [0x00E0ECE3+1764579]
	Ordinal0 [0x00E24C05+1854469]
	BaseThreadInitThunk [0x7568F989+25]
	RtlGetAppContainerNamedObjectPath [0x777674B4+228]
	RtlGetAppContainerNamedObjectPath [0x77767484+180]
">
      <![CDATA[org.openqa.selenium.SessionNotCreatedException: session not created: This version of ChromeDriver only supports Chrome version 83
Build info: version: '3.14.0', revision: 'aacccce0', time: '2018-08-02T20:13:22.693Z'
System info: host: 'LAPTOP-1I2596E2', ip: '192.168.43.253', os.name: 'Windows 10', os.arch: 'amd64', os.version: '10.0', java.version: '1.8.0_191'
Driver info: driver.version: ChromeDriver
remote stacktrace: Backtrace:
Ordinal0 [0x00EF9563+2725219]
Ordinal0 [0x00DF8551+1672529]
Ordinal0 [0x00CE0359+525145]
Ordinal0 [0x00C70B77+68471]
Ordinal0 [0x00C6D32C+54060]
Ordinal0 [0x00C8CC37+183351]
Ordinal0 [0x00C8CA3D+182845]
Ordinal0 [0x00C8A94B+174411]
Ordinal0 [0x00C72528+75048]
Ordinal0 [0x00C735A0+79264]
Ordinal0 [0x00C73539+79161]
Ordinal0 [0x00E0D607+1758727]
GetHandleVerifier [0x01016546+1050150]
GetHandleVerifier [0x01016291+1049457]
GetHandleVerifier [0x010210D7+1094071]
GetHandleVerifier [0x01016B46+1051686]
Ordinal0 [0x00E05B06+1727238]
Ordinal0 [0x00E0EB7B+1764219]
Ordinal0 [0x00E0ECE3+1764579]
Ordinal0 [0x00E24C05+1854469]
BaseThreadInitThunk [0x7568F989+25]
RtlGetAppContainerNamedObjectPath [0x777674B4+228]
RtlGetAppContainerNamedObjectPath [0x77767484+180]

at org.openqa.selenium.remote.W3CHandshakeResponse.lambda$new$0(W3CHandshakeResponse.java:57)
at org.openqa.selenium.remote.W3CHandshakeResponse.lambda$getResponseFunction$2(W3CHandshakeResponse.java:104)
at org.openqa.selenium.remote.ProtocolHandshake.lambda$createSession$0(ProtocolHandshake.java:122)
at java.util.stream.ReferencePipeline$3$1.accept(ReferencePipeline.java:193)
at java.util.Spliterators$ArraySpliterator.tryAdvance(Spliterators.java:958)
at java.util.stream.ReferencePipeline.forEachWithCancel(ReferencePipeline.java:126)
at java.util.stream.AbstractPipeline.copyIntoWithCancel(AbstractPipeline.java:498)
at java.util.stream.AbstractPipeline.copyInto(AbstractPipeline.java:485)
at java.util.stream.AbstractPipeline.wrapAndCopyInto(AbstractPipeline.java:471)
at java.util.stream.FindOps$FindOp.evaluateSequential(FindOps.java:152)
at java.util.stream.AbstractPipeline.evaluate(AbstractPipeline.java:234)
at java.util.stream.ReferencePipeline.findFirst(ReferencePipeline.java:464)
at org.openqa.selenium.remote.ProtocolHandshake.createSession(ProtocolHandshake.java:125)
at org.openqa.selenium.remote.ProtocolHandshake.createSession(ProtocolHandshake.java:73)
at org.openqa.selenium.remote.HttpCommandExecutor.execute(HttpCommandExecutor.java:136)
at org.openqa.selenium.remote.service.DriverCommandExecutor.execute(DriverCommandExecutor.java:83)
at org.openqa.selenium.remote.RemoteWebDriver.execute(RemoteWebDriver.java:548)
at org.openqa.selenium.remote.RemoteWebDriver.startSession(RemoteWebDriver.java:212)
at org.openqa.selenium.remote.RemoteWebDriver.<init>(RemoteWebDriver.java:130)
at org.openqa.selenium.chrome.ChromeDriver.<init>(ChromeDriver.java:181)
at org.openqa.selenium.chrome.ChromeDriver.<init>(ChromeDriver.java:168)
at org.openqa.selenium.chrome.ChromeDriver.<init>(ChromeDriver.java:123)
at CommonFunLibrary.ERPFunction.verifyUrl(ERPFunction.java:16)
at DriverFactory.DataDriven.setUp(DataDriven.java:19)
... Removed 27 stack frames]]>
    </failure>
  </testcase> <!-- @BeforeTest setUp -->
  <testcase name="@AfterTest tearDown" time="0.0" classname="DriverFactory.DataDriven">
    <skipped/>
  </testcase> <!-- @AfterTest tearDown -->
  <testcase name="supplierCreation" time="0.0" classname="DriverFactory.DataDriven">
    <skipped/>
  </testcase> <!-- supplierCreation -->
</testsuite> <!-- Test1 -->
