<?xml version="1.0" encoding="UTF-8"?>
<!-- Generated by org.testng.reporters.JUnitReportReporter -->
<testsuite skipped="1" hostname="LAPTOP-1I2596E2" name="DriverFactory.DataDriven" tests="2" failures="0" timestamp="14 Oct 2020 12:31:27 GMT" time="4.964" errors="1">
  <testcase name="supplierCreation" time="0.000" classname="DriverFactory.DataDriven">
    <skipped/>
  </testcase> <!-- supplierCreation -->
  <testcase name="setUp" time="4.964" classname="DriverFactory.DataDriven">
    <error type="org.openqa.selenium.SessionNotCreatedException" message="session not created: This version of ChromeDriver only supports Chrome version 83
Build info: version: &#039;3.14.0&#039;, revision: &#039;aacccce0&#039;, time: &#039;2018-08-02T20:13:22.693Z&#039;
System info: host: &#039;LAPTOP-1I2596E2&#039;, ip: &#039;192.168.43.253&#039;, os.name: &#039;Windows 10&#039;, os.arch: &#039;amd64&#039;, os.version: &#039;10.0&#039;, java.version: &#039;1.8.0_191&#039;
Driver info: driver.version: ChromeDriver
remote stacktrace: Backtrace:
	Ordinal0 [0x00EF9563+2725219]
	Ordinal0 [0x00DF8551+1672529]
	Ordinal0 [0x00CE0359+525145]
	Ordinal0 [0x00C70B77+68471]
	Ordinal0 [0x00C6D32C+54060]
	Ordinal0 [0x00C8CC37+183351]
	Ordinal0 [0x00C8CA3D+182845]
	Ordinal0 [0x00C8A94B+174411]
	Ordinal0 [0x00C72528+75048]
	Ordinal0 [0x00C735A0+79264]
	Ordinal0 [0x00C73539+79161]
	Ordinal0 [0x00E0D607+1758727]
	GetHandleVerifier [0x01016546+1050150]
	GetHandleVerifier [0x01016291+1049457]
	GetHandleVerifier [0x010210D7+1094071]
	GetHandleVerifier [0x01016B46+1051686]
	Ordinal0 [0x00E05B06+1727238]
	Ordinal0 [0x00E0EB7B+1764219]
	Ordinal0 [0x00E0ECE3+1764579]
	Ordinal0 [0x00E24C05+1854469]
	BaseThreadInitThunk [0x7568F989+25]
	RtlGetAppContainerNamedObjectPath [0x777674B4+228]
	RtlGetAppContainerNamedObjectPath [0x77767484+180]
">
      <![CDATA[org.openqa.selenium.SessionNotCreatedException: session not created: This version of ChromeDriver only supports Chrome version 83
Build info: version: '3.14.0', revision: 'aacccce0', time: '2018-08-02T20:13:22.693Z'
System info: host: 'LAPTOP-1I2596E2', ip: '192.168.43.253', os.name: 'Windows 10', os.arch: 'amd64', os.version: '10.0', java.version: '1.8.0_191'
Driver info: driver.version: ChromeDriver
remote stacktrace: Backtrace:
Ordinal0 [0x00EF9563+2725219]
Ordinal0 [0x00DF8551+1672529]
Ordinal0 [0x00CE0359+525145]
Ordinal0 [0x00C70B77+68471]
Ordinal0 [0x00C6D32C+54060]
Ordinal0 [0x00C8CC37+183351]
Ordinal0 [0x00C8CA3D+182845]
Ordinal0 [0x00C8A94B+174411]
Ordinal0 [0x00C72528+75048]
Ordinal0 [0x00C735A0+79264]
Ordinal0 [0x00C73539+79161]
Ordinal0 [0x00E0D607+1758727]
GetHandleVerifier [0x01016546+1050150]
GetHandleVerifier [0x01016291+1049457]
GetHandleVerifier [0x010210D7+1094071]
GetHandleVerifier [0x01016B46+1051686]
Ordinal0 [0x00E05B06+1727238]
Ordinal0 [0x00E0EB7B+1764219]
Ordinal0 [0x00E0ECE3+1764579]
Ordinal0 [0x00E24C05+1854469]
BaseThreadInitThunk [0x7568F989+25]
RtlGetAppContainerNamedObjectPath [0x777674B4+228]
RtlGetAppContainerNamedObjectPath [0x77767484+180]

at sun.reflect.NativeConstructorAccessorImpl.newInstance0(Native Method)
at sun.reflect.NativeConstructorAccessorImpl.newInstance(NativeConstructorAccessorImpl.java:62)
at sun.reflect.DelegatingConstructorAccessorImpl.newInstance(DelegatingConstructorAccessorImpl.java:45)
at java.lang.reflect.Constructor.newInstance(Constructor.java:423)
at org.openqa.selenium.remote.W3CHandshakeResponse.lambda$new$0(W3CHandshakeResponse.java:57)
at org.openqa.selenium.remote.W3CHandshakeResponse.lambda$getResponseFunction$2(W3CHandshakeResponse.java:104)
at org.openqa.selenium.remote.ProtocolHandshake.lambda$createSession$0(ProtocolHandshake.java:122)
at java.util.stream.ReferencePipeline$3$1.accept(ReferencePipeline.java:193)
at java.util.Spliterators$ArraySpliterator.tryAdvance(Spliterators.java:958)
at java.util.stream.ReferencePipeline.forEachWithCancel(ReferencePipeline.java:126)
at java.util.stream.AbstractPipeline.copyIntoWithCancel(AbstractPipeline.java:498)
at java.util.stream.AbstractPipeline.copyInto(AbstractPipeline.java:485)
at java.util.stream.AbstractPipeline.wrapAndCopyInto(AbstractPipeline.java:471)
at java.util.stream.FindOps$FindOp.evaluateSequential(FindOps.java:152)
at java.util.stream.AbstractPipeline.evaluate(AbstractPipeline.java:234)
at java.util.stream.ReferencePipeline.findFirst(ReferencePipeline.java:464)
at org.openqa.selenium.remote.ProtocolHandshake.createSession(ProtocolHandshake.java:125)
at org.openqa.selenium.remote.ProtocolHandshake.createSession(ProtocolHandshake.java:73)
at org.openqa.selenium.remote.HttpCommandExecutor.execute(HttpCommandExecutor.java:136)
at org.openqa.selenium.remote.service.DriverCommandExecutor.execute(DriverCommandExecutor.java:83)
at org.openqa.selenium.remote.RemoteWebDriver.execute(RemoteWebDriver.java:548)
at org.openqa.selenium.remote.RemoteWebDriver.startSession(RemoteWebDriver.java:212)
at org.openqa.selenium.remote.RemoteWebDriver.<init>(RemoteWebDriver.java:130)
at org.openqa.selenium.chrome.ChromeDriver.<init>(ChromeDriver.java:181)
at org.openqa.selenium.chrome.ChromeDriver.<init>(ChromeDriver.java:168)
at org.openqa.selenium.chrome.ChromeDriver.<init>(ChromeDriver.java:123)
at CommonFunLibrary.ERPFunction.verifyUrl(ERPFunction.java:16)
at DriverFactory.DataDriven.setUp(DataDriven.java:19)
at sun.reflect.NativeMethodAccessorImpl.invoke0(Native Method)
at sun.reflect.NativeMethodAccessorImpl.invoke(NativeMethodAccessorImpl.java:62)
at sun.reflect.DelegatingMethodAccessorImpl.invoke(DelegatingMethodAccessorImpl.java:43)
at java.lang.reflect.Method.invoke(Method.java:498)
at org.testng.internal.MethodInvocationHelper.invokeMethod(MethodInvocationHelper.java:124)
at org.testng.internal.MethodInvocationHelper.invokeMethodConsideringTimeout(MethodInvocationHelper.java:59)
at org.testng.internal.Invoker.invokeConfigurationMethod(Invoker.java:458)
at org.testng.internal.Invoker.invokeConfigurations(Invoker.java:222)
at org.testng.internal.Invoker.invokeConfigurations(Invoker.java:142)
at org.testng.TestRunner.beforeRun(TestRunner.java:529)
at org.testng.TestRunner.run(TestRunner.java:497)
at org.testng.SuiteRunner.runTest(SuiteRunner.java:455)
at org.testng.SuiteRunner.runSequentially(SuiteRunner.java:450)
at org.testng.SuiteRunner.privateRun(SuiteRunner.java:415)
at org.testng.SuiteRunner.run(SuiteRunner.java:364)
at org.testng.SuiteRunnerWorker.runSuite(SuiteRunnerWorker.java:52)
at org.testng.SuiteRunnerWorker.run(SuiteRunnerWorker.java:84)
at org.testng.TestNG.runSuitesSequentially(TestNG.java:1208)
at org.testng.TestNG.runSuitesLocally(TestNG.java:1137)
at org.testng.TestNG.runSuites(TestNG.java:1049)
at org.testng.TestNG.run(TestNG.java:1017)
at org.testng.TestNG.privateMain(TestNG.java:1354)
at org.testng.TestNG.main(TestNG.java:1323)
]]>
    </error>
  </testcase> <!-- setUp -->
</testsuite> <!-- DriverFactory.DataDriven -->
